#
# There is insufficient memory for the Java Runtime Environment to continue.
# Native memory allocation (malloc) failed to allocate 1048576 bytes for AllocateHeap
# Possible reasons:
#   The system is out of physical RAM or swap space
#   The process is running with CompressedOops enabled, and the Java Heap may be blocking the growth of the native heap
# Possible solutions:
#   Reduce memory load on the system
#   Increase physical memory or swap space
#   Check if swap backing store is full
#   Decrease Java heap size (-Xmx/-Xms)
#   Decrease number of Java threads
#   Decrease Java thread stack sizes (-Xss)
#   Set larger code cache with -XX:ReservedCodeCacheSize=
#   JVM is running with Unscaled Compressed Oops mode in which the Java heap is
#     placed in the first 4GB address space. The Java Heap base address is the
#     maximum limit for the native heap growth. Please use -XX:HeapBaseMinAddress
#     to set the Java Heap base and to place the Java Heap above 4GB virtual address.
# This output file may be truncated or incomplete.
#
#  Out of Memory Error (memory/allocation.inline.hpp:61), pid=33184, tid=0x0000000000007ec8
#
# JRE version:  (8.0_201-b09) (build )
# Java VM: Java HotSpot(TM) 64-Bit Server VM (25.201-b09 mixed mode windows-amd64 compressed oops)
# Failed to write core dump. Minidumps are not enabled by default on client versions of Windows
#

---------------  T H R E A D  ---------------

Current thread (0x0000000002eae000):  JavaThread "Unknown thread" [_thread_in_vm, id=32456, stack(0x0000000002ce0000,0x0000000002de0000)]

Stack: [0x0000000002ce0000,0x0000000002de0000]
[error occurred during error reporting (printing stack bounds), id 0xc0000005]

Native frames: (J=compiled Java code, j=interpreted, Vv=VM code, C=native code)


---------------  P R O C E S S  ---------------

Java Threads: ( => current thread )

Other Threads:

=>0x0000000002eae000 (exited) JavaThread "Unknown thread" [_thread_in_vm, id=32456, stack(0x0000000002ce0000,0x0000000002de0000)]

VM state:not at safepoint (normal execution)

VM Mutex/Monitor currently owned by a thread: None

heap address: 0x0000000081400000, size: 2028 MB, Compressed Oops mode: 32-bit
Narrow klass base: 0x0000000000000000, Narrow klass shift: 3
Compressed class space size: 1073741824 Address: 0x0000000100000000

Heap:
 PSYoungGen      total 38400K, used 665K [0x00000000d5c00000, 0x00000000d8680000, 0x0000000100000000)
  eden space 33280K, 2% used [0x00000000d5c00000,0x00000000d5ca6670,0x00000000d7c80000)
  from space 5120K, 0% used [0x00000000d8180000,0x00000000d8180000,0x00000000d8680000)
  to   space 5120K, 0% used [0x00000000d7c80000,0x00000000d7c80000,0x00000000d8180000)
 ParOldGen       total 87552K, used 0K [0x0000000081400000, 0x0000000086980000, 0x00000000d5c00000)
  object space 87552K, 0% used [0x0000000081400000,0x0000000081400000,0x0000000086980000)
 Metaspace       used 751K, capacity 4480K, committed 4480K, reserved 1056768K
  class space    used 76K, capacity 384K, committed 384K, reserved 1048576K

Card table byte_map: [0x0000000012370000,0x0000000012770000] byte_map_base: 0x0000000011f66000

Marking Bits: (ParMarkBitMap*) 0x000000006f4d4ce0
 Begin Bits: [0x0000000013220000, 0x00000000151d0000)
 End Bits:   [0x00000000151d0000, 0x0000000017180000)

Polling page: 0x0000000001030000

CodeCache: size=245760Kb used=328Kb max_used=328Kb free=245431Kb
 bounds [0x0000000002fb0000, 0x0000000003220000, 0x0000000011fb0000]
 total_blobs=58 nmethods=0 adapters=38
 compilation: enabled

Compilation events (0 events):
No events

GC Heap History (0 events):
No events

Deoptimization events (0 events):
No events

Classes redefined (0 events):
No events

Internal exceptions (0 events):
No events

Events (10 events):
Event: 0.075 loading class java/lang/Short
Event: 0.075 loading class java/lang/Short done
Event: 0.075 loading class java/lang/Integer
Event: 0.075 loading class java/lang/Integer done
Event: 0.075 loading class java/lang/Long
Event: 0.076 loading class java/lang/Long done
Event: 0.078 loading class java/lang/NullPointerException
Event: 0.078 loading class java/lang/NullPointerException done
Event: 0.078 loading class java/lang/ArithmeticException
Event: 0.078 loading class java/lang/ArithmeticException done


Dynamic libraries:
0x00007ff7f0ae0000 - 0x00007ff7f0b17000 	C:\Program Files\Java\jre1.8.0_201\bin\javaw.exe
0x00007ff868070000 - 0x00007ff86825d000 	C:\windows\SYSTEM32\ntdll.dll
0x00007ff867ef0000 - 0x00007ff867fa3000 	C:\windows\System32\KERNEL32.DLL
0x00007ff864700000 - 0x00007ff864993000 	C:\windows\System32\KERNELBASE.dll
0x00007ff867c90000 - 0x00007ff867d33000 	C:\windows\System32\ADVAPI32.dll
0x00007ff867660000 - 0x00007ff8676fe000 	C:\windows\System32\msvcrt.dll
0x00007ff866d30000 - 0x00007ff866dce000 	C:\windows\System32\sechost.dll
0x00007ff867530000 - 0x00007ff867652000 	C:\windows\System32\RPCRT4.dll
0x00007ff867d40000 - 0x00007ff867ed7000 	C:\windows\System32\USER32.dll
0x00007ff8641f0000 - 0x00007ff864210000 	C:\windows\System32\win32u.dll
0x00007ff867780000 - 0x00007ff8677a9000 	C:\windows\System32\GDI32.dll
0x00007ff8644b0000 - 0x00007ff86464a000 	C:\windows\System32\gdi32full.dll
0x00007ff864210000 - 0x00007ff8642b0000 	C:\windows\System32\msvcp_win.dll
0x00007ff864a50000 - 0x00007ff864b4a000 	C:\windows\System32\ucrtbase.dll
0x00007ff83eb50000 - 0x00007ff83edc9000 	C:\windows\WinSxS\amd64_microsoft.windows.common-controls_6595b64144ccf1df_6.0.17763.379_none_05b83be8071c94a1\COMCTL32.dll
0x00007ff867200000 - 0x00007ff86752d000 	C:\windows\System32\combase.dll
0x00007ff864140000 - 0x00007ff8641be000 	C:\windows\System32\bcryptPrimitives.dll
0x00007ff866b60000 - 0x00007ff866b8e000 	C:\windows\System32\IMM32.DLL
0x000000006ebd0000 - 0x000000006eca1000 	C:\Program Files\Java\jre1.8.0_201\bin\msvcr100.dll
0x000000006ecb0000 - 0x000000006f554000 	C:\Program Files\Java\jre1.8.0_201\bin\server\jvm.dll
0x00007ff866b90000 - 0x00007ff866b98000 	C:\windows\System32\PSAPI.DLL
0x00007ff84bdd0000 - 0x00007ff84bdd9000 	C:\windows\SYSTEM32\WSOCK32.dll
0x00007ff866f00000 - 0x00007ff866f6d000 	C:\windows\System32\WS2_32.dll
0x00007ff860090000 - 0x00007ff8600b4000 	C:\windows\SYSTEM32\WINMM.dll
0x00007ff85f260000 - 0x00007ff85f26a000 	C:\windows\SYSTEM32\VERSION.dll
0x00007ff85ff90000 - 0x00007ff85ffbd000 	C:\windows\SYSTEM32\WINMMBASE.dll
0x00007ff8649a0000 - 0x00007ff8649ea000 	C:\windows\System32\cfgmgr32.dll
0x00007ff85fee0000 - 0x00007ff85feef000 	C:\Program Files\Java\jre1.8.0_201\bin\verify.dll
0x00007ff85a570000 - 0x00007ff85a599000 	C:\Program Files\Java\jre1.8.0_201\bin\java.dll
0x00007ff85e320000 - 0x00007ff85e336000 	C:\Program Files\Java\jre1.8.0_201\bin\zip.dll

VM Arguments:
jvm_args: -Dfile.encoding=UTF-8 
java_command: main
java_class_path (initial): E:\RiskGameGit\SOEN-6441\target\classes;C:\Users\chara\.m2\repository\commons-codec\commons-codec\1.11\commons-codec-1.11.jar
Launcher Type: SUN_STANDARD

Environment Variables:
PATH=C:/Program Files/Java/jre1.8.0_201/bin/server;C:/Program Files/Java/jre1.8.0_201/bin;C:/Program Files/Java/jre1.8.0_201/lib/amd64;C:\Program Files (x86)\Common Files\Oracle\Java\javapath;C:\windows\system32;C:\windows;C:\windows\System32\Wbem;C:\windows\System32\WindowsPowerShell\v1.0\;C:\windows\System32\OpenSSH\;C:\Program Files\Intel\WiFi\bin\;C:\Program Files\Common Files\Intel\WirelessCommon\;C:\Program Files (x86)\Common Files\Acronis\VirtualFile\;C:\Program Files (x86)\Common Files\Acronis\VirtualFile64\;C:\Program Files (x86)\Common Files\Acronis\FileProtector\;C:\Program Files (x86)\Common Files\Acronis\FileProtector64\;C:\Program Files (x86)\Common Files\Acronis\SnapAPI\;C:\Program Files\Git\cmd;C:\xampp\php;C:\ProgramData\ComposerSetup\bin;C:\Users\chara\AppData\Local\Microsoft\WindowsApps;C:\ProgramData\chara\atom\bin;C:\Users\chara\AppData\Local\atom\bin;C:\Users\chara\AppData\Local\GitHubDesktop\bin;C:\eclipse;
USERNAME=chara
OS=Windows_NT
PROCESSOR_IDENTIFIER=Intel64 Family 6 Model 142 Stepping 10, GenuineIntel



---------------  S Y S T E M  ---------------

OS: Windows 10.0 , 64 bit Build 17763 (10.0.17763.379)

CPU:total 8 (initial active 8) (4 cores per cpu, 2 threads per core) family 6 model 142 stepping 10, cmov, cx8, fxsr, mmx, sse, sse2, sse3, ssse3, sse4.1, sse4.2, popcnt, avx, avx2, aes, clmul, erms, 3dnowpref, lzcnt, ht, tsc, tscinvbit, bmi1, bmi2, adx

Memory: 4k page, physical 8301668k(1397156k free), swap 33467492k(4220k free)

vm_info: Java HotSpot(TM) 64-Bit Server VM (25.201-b09) for windows-amd64 JRE (1.8.0_201-b09), built on Dec 15 2018 18:36:39 by "java_re" with MS VC++ 10.0 (VS2010)

time: Thu Mar 21 22:07:10 2019
timezone: Eastern Daylight Time
elapsed time: 0 seconds (0d 0h 0m 0s)

